[2024-01-08 15:21:54] [INFO]    [OmnipathR] Welcome to OmnipathR!
[2024-01-08 15:21:54] [TRACE]   [OmnipathR] Reading JSON from `/Users/will/Library/Caches/OmnipathR/cache.json` (encoding: UTF-8).
[2024-01-08 15:21:54] [TRACE]   [OmnipathR] JSON validation successful: TRUE
[2024-01-08 15:21:54] [INFO]    [OmnipathR] Initialized cache: `/Users/will/Library/Caches/OmnipathR`.
[2024-01-08 15:21:54] [TRACE]   [OmnipathR] Reading JSON from `/Users/will/R/cache/v5/R-4.3/x86_64-apple-darwin22.6.0/OmnipathR/3.10.1/41cbd1b2c8114dc4676d82f7804551e3/OmnipathR/db/db_def.json` (encoding: UTF-8).
[2024-01-08 15:21:54] [TRACE]   [OmnipathR] JSON validation successful: TRUE
[2024-01-08 15:21:54] [TRACE]   [OmnipathR] Reading JSON from `/Users/will/R/cache/v5/R-4.3/x86_64-apple-darwin22.6.0/OmnipathR/3.10.1/41cbd1b2c8114dc4676d82f7804551e3/OmnipathR/internal/magic_bytes.json` (encoding: UTF-8).
[2024-01-08 15:21:54] [TRACE]   [OmnipathR] JSON validation successful: TRUE
[2024-01-08 15:21:54] [INFO]    [OmnipathR] Welcome to OmnipathR!
[2024-01-08 15:21:54] [TRACE]   [OmnipathR] Reading JSON from `/Users/will/Library/Caches/OmnipathR/cache.json` (encoding: UTF-8).
[2024-01-08 15:21:54] [TRACE]   [OmnipathR] JSON validation successful: TRUE
[2024-01-08 15:21:54] [INFO]    [OmnipathR] Initialized cache: `/Users/will/Library/Caches/OmnipathR`.
[2024-01-08 15:21:54] [TRACE]   [OmnipathR] Reading JSON from `/Users/will/R/cache/v5/R-4.3/x86_64-apple-darwin22.6.0/OmnipathR/3.10.1/41cbd1b2c8114dc4676d82f7804551e3/OmnipathR/db/db_def.json` (encoding: UTF-8).
[2024-01-08 15:21:54] [TRACE]   [OmnipathR] JSON validation successful: TRUE
[2024-01-08 15:21:54] [TRACE]   [OmnipathR] Reading JSON from `/Users/will/R/cache/v5/R-4.3/x86_64-apple-darwin22.6.0/OmnipathR/3.10.1/41cbd1b2c8114dc4676d82f7804551e3/OmnipathR/internal/magic_bytes.json` (encoding: UTF-8).
[2024-01-08 15:21:54] [TRACE]   [OmnipathR] JSON validation successful: TRUE
[2024-01-08 15:21:54] [TRACE]   [OmnipathR] Reading JSON from `/Users/will/R/cache/v5/R-4.3/x86_64-apple-darwin22.6.0/OmnipathR/3.10.1/41cbd1b2c8114dc4676d82f7804551e3/OmnipathR/internal/urls.json` (encoding: UTF-8).
[2024-01-08 15:21:54] [TRACE]   [OmnipathR] JSON validation successful: TRUE
[2024-01-08 15:21:54] [TRACE]   [OmnipathR] Reading JSON from `/Users/will/R/cache/v5/R-4.3/x86_64-apple-darwin22.6.0/OmnipathR/3.10.1/41cbd1b2c8114dc4676d82f7804551e3/OmnipathR/internal/id_types.json` (encoding: UTF-8).
[2024-01-08 15:21:54] [TRACE]   [OmnipathR] JSON validation successful: TRUE
[2024-01-08 15:21:54] [INFO]    [OmnipathR] Loading database `Ensembl and OMA organism names`.
[2024-01-08 15:21:54] [TRACE]   [OmnipathR] Reading JSON from `/Users/will/Library/Caches/OmnipathR/cache.json` (encoding: UTF-8).
[2024-01-08 15:21:54] [TRACE]   [OmnipathR] JSON validation successful: TRUE
[2024-01-08 15:21:54] [TRACE]   [OmnipathR] Reading JSON from `/Users/will/R/cache/v5/R-4.3/x86_64-apple-darwin22.6.0/OmnipathR/3.10.1/41cbd1b2c8114dc4676d82f7804551e3/OmnipathR/internal/urls.json` (encoding: UTF-8).
[2024-01-08 15:21:54] [TRACE]   [OmnipathR] JSON validation successful: TRUE
[2024-01-08 15:21:54] [INFO]    [OmnipathR] Looking up in cache `https://www.ensembl.org/info/about/species.html`: key=7332486db7400730697234bad76ca0c8e4d00799, no version available.
[2024-01-08 15:21:54] [TRACE]   [OmnipathR] Reading JSON from `/Users/will/R/cache/v5/R-4.3/x86_64-apple-darwin22.6.0/OmnipathR/3.10.1/41cbd1b2c8114dc4676d82f7804551e3/OmnipathR/internal/id_types.json` (encoding: UTF-8).
[2024-01-08 15:21:54] [TRACE]   [OmnipathR] JSON validation successful: TRUE
[2024-01-08 15:21:54] [TRACE]   [OmnipathR] Reading JSON from `/Users/will/Library/Caches/OmnipathR/cache.json` (encoding: UTF-8).
[2024-01-08 15:21:54] [TRACE]   [OmnipathR] JSON validation successful: TRUE
[2024-01-08 15:21:54] [INFO]    [OmnipathR] Created new version for cache record 7332486db7400730697234bad76ca0c8e4d00799: version 1.
[2024-01-08 15:21:54] [TRACE]   [OmnipathR] Cache file path: /Users/will/Library/Caches/OmnipathR/7332486db7400730697234bad76ca0c8e4d00799-1.html
[2024-01-08 15:21:54] [INFO]    [OmnipathR] Retrieving URL: `https://www.ensembl.org/info/about/species.html`
[2024-01-08 15:21:54] [TRACE]   [OmnipathR] Attempt 1/3: `https://www.ensembl.org/info/about/species.html`
[2024-01-08 15:21:55] [TRACE]   [OmnipathR] Reading JSON from `https://omnipathdb.org/resources` (encoding: UTF-8).
[2024-01-08 15:21:55] [TRACE]   [OmnipathR] JSON validation successful: TRUE
[2024-01-08 15:21:56] [TRACE]   [OmnipathR] HTTP 200
[2024-01-08 15:21:56] [INFO]    [OmnipathR] Download ready [key=7332486db7400730697234bad76ca0c8e4d00799, version=1]
[2024-01-08 15:21:56] [TRACE]   [OmnipathR] Reading JSON from `/Users/will/Library/Caches/OmnipathR/cache.json` (encoding: UTF-8).
[2024-01-08 15:21:56] [TRACE]   [OmnipathR] JSON validation successful: TRUE
[2024-01-08 15:21:56] [INFO]    [OmnipathR] Cache item `7332486db7400730697234bad76ca0c8e4d00799` version 1: status changed from `unknown` to `ready`.
[2024-01-08 15:21:56] [INFO]    [OmnipathR] Loading database `Ensembl and OMA organism names`.
[2024-01-08 15:21:56] [TRACE]   [OmnipathR] Reading JSON from `/Users/will/Library/Caches/OmnipathR/cache.json` (encoding: UTF-8).
[2024-01-08 15:21:56] [TRACE]   [OmnipathR] JSON validation successful: TRUE
[2024-01-08 15:21:56] [INFO]    [OmnipathR] Looking up in cache `https://www.ensembl.org/info/about/species.html`: key=7332486db7400730697234bad76ca0c8e4d00799, no version available.
[2024-01-08 15:21:56] [TRACE]   [OmnipathR] Reading JSON from `/Users/will/Library/Caches/OmnipathR/cache.json` (encoding: UTF-8).
[2024-01-08 15:21:56] [TRACE]   [OmnipathR] JSON validation successful: TRUE
[2024-01-08 15:21:56] [INFO]    [OmnipathR] Created new version for cache record 7332486db7400730697234bad76ca0c8e4d00799: version 1.
[2024-01-08 15:21:56] [TRACE]   [OmnipathR] Cache file path: /Users/will/Library/Caches/OmnipathR/7332486db7400730697234bad76ca0c8e4d00799-1.html
[2024-01-08 15:21:56] [INFO]    [OmnipathR] Retrieving URL: `https://www.ensembl.org/info/about/species.html`
[2024-01-08 15:21:56] [TRACE]   [OmnipathR] Attempt 1/3: `https://www.ensembl.org/info/about/species.html`
[2024-01-08 15:21:56] [TRACE]   [OmnipathR] Looking up in cache: `https://omabrowser.org/All/oma-species.txt`.
[2024-01-08 15:21:56] [INFO]    [OmnipathR] Cache record does not exist: `https://omabrowser.org/All/oma-species.txt`
[2024-01-08 15:21:56] [TRACE]   [OmnipathR] Could not find in cache, initiating download: `https://omabrowser.org/All/oma-species.txt`.
[2024-01-08 15:21:56] [TRACE]   [OmnipathR] Reading JSON from `/Users/will/Library/Caches/OmnipathR/cache.json` (encoding: UTF-8).
[2024-01-08 15:21:56] [TRACE]   [OmnipathR] JSON validation successful: TRUE
[2024-01-08 15:21:56] [TRACE]   [OmnipathR] Reading JSON from `/Users/will/Library/Caches/OmnipathR/cache.json` (encoding: UTF-8).
[2024-01-08 15:21:56] [TRACE]   [OmnipathR] JSON validation successful: TRUE
[2024-01-08 15:21:56] [INFO]    [OmnipathR] Cache item `30e690cbb55dfc63b5903ab337f34ffc2f4be397` version 1: status changed from `unknown` to `started`.
[2024-01-08 15:21:56] [TRACE]   [OmnipathR] Exporting object to RDS: `/Users/will/Library/Caches/OmnipathR/30e690cbb55dfc63b5903ab337f34ffc2f4be397-1.rds`.
[2024-01-08 15:21:56] [INFO]    [OmnipathR] Retrieving URL: `https://omabrowser.org/All/oma-species.txt`
[2024-01-08 15:21:56] [TRACE]   [OmnipathR] Attempt 1/3: `https://omabrowser.org/All/oma-species.txt`
[2024-01-08 15:21:57] [TRACE]   [OmnipathR] HTTP 200
[2024-01-08 15:21:57] [INFO]    [OmnipathR] Download ready [key=7332486db7400730697234bad76ca0c8e4d00799, version=1]
[2024-01-08 15:21:57] [TRACE]   [OmnipathR] Reading JSON from `/Users/will/Library/Caches/OmnipathR/cache.json` (encoding: UTF-8).
[2024-01-08 15:21:57] [TRACE]   [OmnipathR] JSON validation successful: TRUE
[2024-01-08 15:21:57] [INFO]    [OmnipathR] Cache item `7332486db7400730697234bad76ca0c8e4d00799` version 1: status changed from `unknown` to `ready`.
[2024-01-08 15:21:57] [TRACE]   [OmnipathR] Looking up in cache: `https://omabrowser.org/All/oma-species.txt`.
[2024-01-08 15:21:57] [INFO]    [OmnipathR] No version is available for key `30e690cbb55dfc63b5903ab337f34ffc2f4be397` (https://omabrowser.org/All/oma-species.txt).
[2024-01-08 15:21:57] [TRACE]   [OmnipathR] Could not find in cache, initiating download: `https://omabrowser.org/All/oma-species.txt`.
[2024-01-08 15:21:57] [TRACE]   [OmnipathR] Reading JSON from `/Users/will/Library/Caches/OmnipathR/cache.json` (encoding: UTF-8).
[2024-01-08 15:21:57] [TRACE]   [OmnipathR] JSON validation successful: TRUE
[2024-01-08 15:21:57] [INFO]    [OmnipathR] Cache item `30e690cbb55dfc63b5903ab337f34ffc2f4be397` version 2: status changed from `unknown` to `started`.
[2024-01-08 15:21:57] [TRACE]   [OmnipathR] Exporting object to RDS: `/Users/will/Library/Caches/OmnipathR/30e690cbb55dfc63b5903ab337f34ffc2f4be397-2.rds`.
[2024-01-08 15:21:57] [INFO]    [OmnipathR] Retrieving URL: `https://omabrowser.org/All/oma-species.txt`
[2024-01-08 15:21:57] [TRACE]   [OmnipathR] Attempt 1/3: `https://omabrowser.org/All/oma-species.txt`
[2024-01-08 15:21:58] [TRACE]   [OmnipathR] Exported RDS to `/Users/will/Library/Caches/OmnipathR/30e690cbb55dfc63b5903ab337f34ffc2f4be397-1.rds`.
[2024-01-08 15:21:58] [INFO]    [OmnipathR] Download ready [key=30e690cbb55dfc63b5903ab337f34ffc2f4be397, version=1]
[2024-01-08 15:21:58] [TRACE]   [OmnipathR] Reading JSON from `/Users/will/Library/Caches/OmnipathR/cache.json` (encoding: UTF-8).
[2024-01-08 15:21:58] [TRACE]   [OmnipathR] JSON validation successful: TRUE
[2024-01-08 15:21:58] [INFO]    [OmnipathR] Cache item `30e690cbb55dfc63b5903ab337f34ffc2f4be397` version 1: status changed from `started` to `ready`.
[2024-01-08 15:21:58] [INFO]    [OmnipathR] Loaded database `Ensembl and OMA organism names`.
[2024-01-08 15:21:58] [TRACE]   [OmnipathR] Looking up in cache: `https://omnipathdb.org/interactions?genesymbols=yes&datasets=collectri&organisms=9606&dorothea_levels=A,B&fields=evidences,sources,references,curation_effort&license=academic`
[2024-01-08 15:21:59] [TRACE]   [OmnipathR] Exported RDS to `/Users/will/Library/Caches/OmnipathR/30e690cbb55dfc63b5903ab337f34ffc2f4be397-2.rds`.
[2024-01-08 15:21:59] [INFO]    [OmnipathR] Download ready [key=30e690cbb55dfc63b5903ab337f34ffc2f4be397, version=2]
[2024-01-08 15:21:59] [TRACE]   [OmnipathR] Reading JSON from `/Users/will/Library/Caches/OmnipathR/cache.json` (encoding: UTF-8).
[2024-01-08 15:21:59] [TRACE]   [OmnipathR] JSON validation successful: TRUE
[2024-01-08 15:21:59] [INFO]    [OmnipathR] Cache item `30e690cbb55dfc63b5903ab337f34ffc2f4be397` version 2: status changed from `started` to `ready`.
[2024-01-08 15:21:59] [INFO]    [OmnipathR] Loaded database `Ensembl and OMA organism names`.
[2024-01-08 15:21:59] [TRACE]   [OmnipathR] Loaded data from RDS `/Users/will/Library/Caches/OmnipathR/099e7af92f71a88d7560d65cea14c1970f66c0b6-1.rds`.
[2024-01-08 15:21:59] [INFO]    [OmnipathR] Loaded from cache: `https://omnipathdb.org/interactions?genesymbols=yes&datasets=collectri&organisms=9606&dorothea_levels=A,B&fields=evidences,sources,references,curation_effort&license=academic`
[2024-01-08 15:21:59] [TRACE]   [OmnipathR] Converting JSON column `evidences` to list.
[2024-01-08 15:21:59] [TRACE]   [OmnipathR] Reading JSON from `https://omnipathdb.org/resources` (encoding: UTF-8).
[2024-01-08 15:21:59] [TRACE]   [OmnipathR] JSON validation successful: TRUE
[2024-01-08 15:21:59] [TRACE]   [OmnipathR] Looking up in cache: `https://omnipathdb.org/annotations?resources=PROGENy&license=academic`
[2024-01-08 15:22:02] [TRACE]   [OmnipathR] Loaded data from RDS `/Users/will/Library/Caches/OmnipathR/3492392585ba05414edfae46801492076437d7e7-1.rds`.
[2024-01-08 15:22:02] [INFO]    [OmnipathR] Loaded from cache: `https://omnipathdb.org/annotations?resources=PROGENy&license=academic`
[2024-01-08 15:22:02] [SUCCESS] [OmnipathR] Loaded 700239 annotation records from cache.
[2024-01-08 15:22:06] [TRACE]   [OmnipathR] Restricting interaction records to datasets: collectri; and resources: any
[2024-01-08 15:22:09] [TRACE]   [OmnipathR] Filtering evidence columns: positive, negative, directed, undirected; to datasets: collectri; and resources: any
[2024-01-08 15:23:06] [SUCCESS] [OmnipathR] Downloaded 64495 interactions.
